<?xml version="1.0" encoding="UTF-8"?>
<!-- Generated by org.testng.reporters.JUnitReportReporter -->
<testsuite skipped="1" hostname="8K3FQN2" name="com.test.project.TestRunner" tests="1" failures="0" timestamp="17 Mar 2021 15:43:28 GMT" time="6.344" errors="0">
  <testcase name="runScenario" time="6.344" classname="com.test.project.TestRunner">
    <skipped/>
  </testcase> <!-- runScenario -->
</testsuite> <!-- com.test.project.TestRunner -->
